Using pre-set license
Built from '2020.3/staging' branch; Version is '2020.3.11f1 (99c7afb366b3) revision 10078127'; Using compiler version '192528614'; Build Type 'Release'
OS: 'Windows 10 Home; OS build 19042.1645; Version 2009; 64bit' Language: 'en' Physical Memory: 32682 MB
BatchMode: 1, IsHumanControllingUs: 0, StartBugReporterOnCrash: 0, Is64bit: 1, IsPro: 0

 COMMAND LINE ARGUMENTS:
C:\Program Files\Unity\Hub\Editor\2020.3.11f1\Editor\Unity.exe
-adb2
-batchMode
-noUpm
-name
AssetImportWorker0
-projectPath
C:/Users/Winston/Desktop/Unity Games/SpringGameJam2022
-logFile
Logs/AssetImportWorker0.log
-srvPort
50908
Successfully changed project path to: C:/Users/Winston/Desktop/Unity Games/SpringGameJam2022
C:/Users/Winston/Desktop/Unity Games/SpringGameJam2022
Using Asset Import Pipeline V2.
Refreshing native plugins compatible for Editor in 49.84 ms, found 2 plugins.
Preloading 0 native plugins for Editor in 0.00 ms.
Initialize engine version: 2020.3.11f1 (99c7afb366b3)
[Subsystems] Discovering subsystems at path C:/Program Files/Unity/Hub/Editor/2020.3.11f1/Editor/Data/Resources/UnitySubsystems
[Subsystems] Discovering subsystems at path C:/Users/Winston/Desktop/Unity Games/SpringGameJam2022/Assets
GfxDevice: creating device client; threaded=0
Direct3D:
    Version:  Direct3D 11.0 [level 11.1]
    Renderer: AMD Radeon RX 6700 XT (ID=0x73df)
    Vendor:   
    VRAM:     12243 MB
    Driver:   30.0.14011.2006
Shader 'Universal Render Pipeline/Particles/Lit': fallback shader 'Universal Render Pipeline/Particles/SimpleLit' not found
Initialize mono
Mono path[0] = 'C:/Program Files/Unity/Hub/Editor/2020.3.11f1/Editor/Data/Managed'
Mono path[1] = 'C:/Program Files/Unity/Hub/Editor/2020.3.11f1/Editor/Data/MonoBleedingEdge/lib/mono/unityjit'
Mono config path = 'C:/Program Files/Unity/Hub/Editor/2020.3.11f1/Editor/Data/MonoBleedingEdge/etc'
Using monoOptions --debugger-agent=transport=dt_socket,embedding=1,server=y,suspend=n,address=127.0.0.1:56672
Begin MonoManager ReloadAssembly
Registering precompiled unity dll's ...
Register platform support module: C:/Program Files/Unity/Hub/Editor/2020.3.11f1/Editor/Data/PlaybackEngines/WindowsStandaloneSupport/UnityEditor.WindowsStandalone.Extensions.dll
Registered in 0.002314 seconds.
Native extension for WindowsStandalone target not found
Refreshing native plugins compatible for Editor in 48.69 ms, found 2 plugins.
Preloading 0 native plugins for Editor in 0.00 ms.
Mono: successfully reloaded assembly
- Completed reload, in  1.057 seconds
Platform modules already initialized, skipping
Registering precompiled user dll's ...
Registered in 0.005810 seconds.
Begin MonoManager ReloadAssembly
Native extension for WindowsStandalone target not found
Refreshing native plugins compatible for Editor in 49.57 ms, found 2 plugins.
Preloading 0 native plugins for Editor in 0.00 ms.
Mono: successfully reloaded assembly
- Completed reload, in  1.469 seconds
Platform modules already initialized, skipping
========================================================================
Worker process is ready to serve import requests
Shader 'Universal Render Pipeline/Particles/Lit': fallback shader 'Universal Render Pipeline/Particles/SimpleLit' not found
Launched and connected shader compiler UnityShaderCompiler.exe after 0.06 seconds
Refreshing native plugins compatible for Editor in 1.74 ms, found 2 plugins.
Preloading 0 native plugins for Editor in 0.00 ms.
Unloading 3038 Unused Serialized files (Serialized files now loaded: 0)
System memory in use before: 153.9 MB.
System memory in use after: 154.1 MB.

Unloading 21 unused Assets to reduce memory usage. Loaded Objects now: 3489.
Total: 3.080800 ms (FindLiveObjects: 0.556300 ms CreateObjectMapping: 0.076900 ms MarkObjects: 2.340000 ms  DeleteObjects: 0.105800 ms)

========================================================================
Received Import Request.
  path: Assets/Meshes/BridgeObjects.fbx
  artifactKey: Guid(dc9d04a25d3a3e54baffb896ce611216) Importer(815301076,1909f56bfc062723c751e8b465ee728b)
Start importing Assets/Meshes/BridgeObjects.fbx using Guid(dc9d04a25d3a3e54baffb896ce611216) Importer(815301076,1909f56bfc062723c751e8b465ee728b)  -> (artifact id: 'f50da7d51444acd343909b2e3e0b1417') in 0.384591 seconds
  Import took 0.390082 seconds .

========================================================================
Received Import Request.
  Time since last request: 16.962215 seconds.
  path: Assets/Meshes/BridgeObjects 1.fbx
  artifactKey: Guid(fbf13d0b8ba593547b13e187ee7ea488) Importer(815301076,1909f56bfc062723c751e8b465ee728b)
Start importing Assets/Meshes/BridgeObjects 1.fbx using Guid(fbf13d0b8ba593547b13e187ee7ea488) Importer(815301076,1909f56bfc062723c751e8b465ee728b)  -> (artifact id: '55d7428f0c62902fedf70cad2468bae4') in 0.157674 seconds
  Import took 0.162644 seconds .

========================================================================
Received Prepare
Registering precompiled user dll's ...
Registered in 0.004941 seconds.
Begin MonoManager ReloadAssembly
Native extension for WindowsStandalone target not found
Refreshing native plugins compatible for Editor in 0.65 ms, found 2 plugins.
Preloading 0 native plugins for Editor in 0.00 ms.
Mono: successfully reloaded assembly
- Completed reload, in  1.036 seconds
Platform modules already initialized, skipping
Shader 'Universal Render Pipeline/Particles/Lit': fallback shader 'Universal Render Pipeline/Particles/SimpleLit' not found
Refreshing native plugins compatible for Editor in 0.66 ms, found 2 plugins.
Preloading 0 native plugins for Editor in 0.00 ms.
Unloading 2901 Unused Serialized files (Serialized files now loaded: 0)
System memory in use before: 149.7 MB.
System memory in use after: 149.9 MB.

Unloading 16 unused Assets to reduce memory usage. Loaded Objects now: 3540.
Total: 2.509400 ms (FindLiveObjects: 0.305100 ms CreateObjectMapping: 0.073200 ms MarkObjects: 2.065800 ms  DeleteObjects: 0.064100 ms)

========================================================================
Received Prepare
Registering precompiled user dll's ...
Registered in 0.004960 seconds.
Begin MonoManager ReloadAssembly
Native extension for WindowsStandalone target not found
Refreshing native plugins compatible for Editor in 0.69 ms, found 2 plugins.
Preloading 0 native plugins for Editor in 0.00 ms.
Mono: successfully reloaded assembly
- Completed reload, in  1.013 seconds
Platform modules already initialized, skipping
Shader 'Universal Render Pipeline/Particles/Lit': fallback shader 'Universal Render Pipeline/Particles/SimpleLit' not found
Refreshing native plugins compatible for Editor in 0.65 ms, found 2 plugins.
Preloading 0 native plugins for Editor in 0.00 ms.
Unloading 2901 Unused Serialized files (Serialized files now loaded: 0)
System memory in use before: 149.8 MB.
System memory in use after: 150.0 MB.

Unloading 16 unused Assets to reduce memory usage. Loaded Objects now: 3543.
Total: 2.655200 ms (FindLiveObjects: 0.338800 ms CreateObjectMapping: 0.090400 ms MarkObjects: 2.155800 ms  DeleteObjects: 0.069100 ms)

========================================================================
Received Import Request.
  Time since last request: 607.022416 seconds.
  path: Assets/Meshes/Plank.fbx
  artifactKey: Guid(598a5ef0bf1033b43a013fa7c1e8ed73) Importer(815301076,1909f56bfc062723c751e8b465ee728b)
Start importing Assets/Meshes/Plank.fbx using Guid(598a5ef0bf1033b43a013fa7c1e8ed73) Importer(815301076,1909f56bfc062723c751e8b465ee728b)  -> (artifact id: '3976f4e82edca5c3ca66701f15f4dc10') in 0.152852 seconds
  Import took 0.158599 seconds .

========================================================================
Received Prepare
Registering precompiled user dll's ...
Registered in 0.004883 seconds.
Begin MonoManager ReloadAssembly
Native extension for WindowsStandalone target not found
Refreshing native plugins compatible for Editor in 0.70 ms, found 2 plugins.
Preloading 0 native plugins for Editor in 0.00 ms.
Mono: successfully reloaded assembly
- Completed reload, in  1.011 seconds
Platform modules already initialized, skipping
Shader 'Universal Render Pipeline/Particles/Lit': fallback shader 'Universal Render Pipeline/Particles/SimpleLit' not found
Refreshing native plugins compatible for Editor in 0.67 ms, found 2 plugins.
Preloading 0 native plugins for Editor in 0.00 ms.
Unloading 2901 Unused Serialized files (Serialized files now loaded: 0)
System memory in use before: 149.9 MB.
System memory in use after: 150.1 MB.

Unloading 16 unused Assets to reduce memory usage. Loaded Objects now: 3582.
Total: 2.746100 ms (FindLiveObjects: 0.355500 ms CreateObjectMapping: 0.071200 ms MarkObjects: 2.245900 ms  DeleteObjects: 0.072300 ms)

========================================================================
Received Import Request.
  Time since last request: 74.991469 seconds.
  path: Assets/Meshes/Plank 1.fbx
  artifactKey: Guid(c9b917e0053cd064bbd9bfbc76a80f2e) Importer(815301076,1909f56bfc062723c751e8b465ee728b)
Start importing Assets/Meshes/Plank 1.fbx using Guid(c9b917e0053cd064bbd9bfbc76a80f2e) Importer(815301076,1909f56bfc062723c751e8b465ee728b)  -> (artifact id: '51645f23a67cad9adaaa66392fc16d81') in 0.151912 seconds
  Import took 0.165216 seconds .

========================================================================
Received Prepare
Registering precompiled user dll's ...
Registered in 0.004984 seconds.
Begin MonoManager ReloadAssembly
Native extension for WindowsStandalone target not found
Refreshing native plugins compatible for Editor in 0.69 ms, found 2 plugins.
Preloading 0 native plugins for Editor in 0.00 ms.
Mono: successfully reloaded assembly
- Completed reload, in  1.019 seconds
Platform modules already initialized, skipping
Shader 'Universal Render Pipeline/Particles/Lit': fallback shader 'Universal Render Pipeline/Particles/SimpleLit' not found
Refreshing native plugins compatible for Editor in 0.65 ms, found 2 plugins.
Preloading 0 native plugins for Editor in 0.00 ms.
Unloading 2901 Unused Serialized files (Serialized files now loaded: 0)
System memory in use before: 150.1 MB.
System memory in use after: 150.3 MB.

Unloading 16 unused Assets to reduce memory usage. Loaded Objects now: 3621.
Total: 2.617900 ms (FindLiveObjects: 0.301500 ms CreateObjectMapping: 0.074300 ms MarkObjects: 2.172400 ms  DeleteObjects: 0.068700 ms)

========================================================================
Received Import Request.
  Time since last request: 395.381190 seconds.
  path: Assets/Textures/Stairs.mat
  artifactKey: Guid(a426302ac49ed184ca777c20e9d4c83d) Importer(815301076,1909f56bfc062723c751e8b465ee728b)
Start importing Assets/Textures/Stairs.mat using Guid(a426302ac49ed184ca777c20e9d4c83d) Importer(815301076,1909f56bfc062723c751e8b465ee728b)  -> (artifact id: 'c99e578979a726a117302e27f03a18d1') in 0.139405 seconds
  Import took 0.146439 seconds .

========================================================================
Received Import Request.
  Time since last request: 19.381781 seconds.
  path: Assets/Textures/Stairs.mat
  artifactKey: Guid(a426302ac49ed184ca777c20e9d4c83d) Importer(815301076,1909f56bfc062723c751e8b465ee728b)
Start importing Assets/Textures/Stairs.mat using Guid(a426302ac49ed184ca777c20e9d4c83d) Importer(815301076,1909f56bfc062723c751e8b465ee728b)  -> (artifact id: '6fdb1c43e62906746d08469a967294c3') in 0.013560 seconds
  Import took 0.018941 seconds .

========================================================================
Received Prepare
Registering precompiled user dll's ...
Registered in 0.005191 seconds.
Begin MonoManager ReloadAssembly
Native extension for WindowsStandalone target not found
Refreshing native plugins compatible for Editor in 0.72 ms, found 2 plugins.
Preloading 0 native plugins for Editor in 0.00 ms.
Mono: successfully reloaded assembly
- Completed reload, in  1.105 seconds
Platform modules already initialized, skipping
Shader 'Universal Render Pipeline/Particles/Lit': fallback shader 'Universal Render Pipeline/Particles/SimpleLit' not found
Refreshing native plugins compatible for Editor in 0.67 ms, found 2 plugins.
Preloading 0 native plugins for Editor in 0.00 ms.
Unloading 2901 Unused Serialized files (Serialized files now loaded: 0)
System memory in use before: 150.4 MB.
System memory in use after: 150.6 MB.

Unloading 16 unused Assets to reduce memory usage. Loaded Objects now: 3693.
Total: 3.288400 ms (FindLiveObjects: 0.395000 ms CreateObjectMapping: 0.101400 ms MarkObjects: 2.711400 ms  DeleteObjects: 0.079200 ms)

========================================================================
Received Import Request.
  Time since last request: 973.229394 seconds.
  path: Assets/Textures/Pillars.fbx
  artifactKey: Guid(62b5f0e3087c0ed4587491e341409b8f) Importer(815301076,1909f56bfc062723c751e8b465ee728b)
Start importing Assets/Textures/Pillars.fbx using Guid(62b5f0e3087c0ed4587491e341409b8f) Importer(815301076,1909f56bfc062723c751e8b465ee728b)  -> (artifact id: '4ffa228d60708d9fae34f1cccd427e64') in 0.172315 seconds
  Import took 0.177429 seconds .

========================================================================
Received Import Request.
  Time since last request: 21.238054 seconds.
  path: Assets/Meshes/Pillars.fbx
  artifactKey: Guid(2dbcdad23eb6da244b5f1e8a59c8cc3b) Importer(815301076,1909f56bfc062723c751e8b465ee728b)
Start importing Assets/Meshes/Pillars.fbx using Guid(2dbcdad23eb6da244b5f1e8a59c8cc3b) Importer(815301076,1909f56bfc062723c751e8b465ee728b)  -> (artifact id: 'bb3f670b5409ef135ae240320d1b647c') in 0.034201 seconds
  Import took 0.039432 seconds .

========================================================================
Received Prepare
Registering precompiled user dll's ...
Registered in 0.004969 seconds.
Begin MonoManager ReloadAssembly
Native extension for WindowsStandalone target not found
Refreshing native plugins compatible for Editor in 0.73 ms, found 2 plugins.
Preloading 0 native plugins for Editor in 0.00 ms.
Mono: successfully reloaded assembly
- Completed reload, in  1.099 seconds
Platform modules already initialized, skipping
Shader 'Universal Render Pipeline/Particles/Lit': fallback shader 'Universal Render Pipeline/Particles/SimpleLit' not found
Refreshing native plugins compatible for Editor in 0.70 ms, found 2 plugins.
Preloading 0 native plugins for Editor in 0.00 ms.
Unloading 2901 Unused Serialized files (Serialized files now loaded: 0)
System memory in use before: 150.5 MB.
System memory in use after: 150.7 MB.

Unloading 16 unused Assets to reduce memory usage. Loaded Objects now: 3732.
Total: 3.013000 ms (FindLiveObjects: 0.393100 ms CreateObjectMapping: 0.071200 ms MarkObjects: 2.478100 ms  DeleteObjects: 0.069400 ms)

========================================================================
Received Import Request.
  Time since last request: 148.784596 seconds.
  path: ProjectSettings/TagManager.asset
  artifactKey: Guid(00000000000000003000000000000000) Importer(815301076,1909f56bfc062723c751e8b465ee728b)
Start importing ProjectSettings/TagManager.asset using Guid(00000000000000003000000000000000) Importer(815301076,1909f56bfc062723c751e8b465ee728b)  -> (artifact id: 'a8f6a9314a4b1f30688b70590642f372') in 0.040842 seconds
  Import took 0.045802 seconds .

========================================================================
Received Import Request.
  Time since last request: 96.188036 seconds.
  path: Assets/Scripts/BossTrigger.cs
  artifactKey: Guid(c92cd8b6ba4fc664480a9fa757764c5f) Importer(815301076,1909f56bfc062723c751e8b465ee728b)
Start importing Assets/Scripts/BossTrigger.cs using Guid(c92cd8b6ba4fc664480a9fa757764c5f) Importer(815301076,1909f56bfc062723c751e8b465ee728b)  -> (artifact id: '31d2305492547e4c43d150efb2d4d20b') in 0.032893 seconds
  Import took 0.038081 seconds .

========================================================================
Received Prepare
Registering precompiled user dll's ...
Registered in 0.005038 seconds.
Begin MonoManager ReloadAssembly
Native extension for WindowsStandalone target not found
Refreshing native plugins compatible for Editor in 0.66 ms, found 2 plugins.
Preloading 0 native plugins for Editor in 0.00 ms.
Mono: successfully reloaded assembly
- Completed reload, in  1.067 seconds
Platform modules already initialized, skipping
Shader 'Universal Render Pipeline/Particles/Lit': fallback shader 'Universal Render Pipeline/Particles/SimpleLit' not found
Refreshing native plugins compatible for Editor in 0.68 ms, found 2 plugins.
Preloading 0 native plugins for Editor in 0.00 ms.
Unloading 2902 Unused Serialized files (Serialized files now loaded: 0)
System memory in use before: 150.6 MB.
System memory in use after: 150.8 MB.

Unloading 17 unused Assets to reduce memory usage. Loaded Objects now: 3736.
Total: 3.064800 ms (FindLiveObjects: 0.394900 ms CreateObjectMapping: 0.077700 ms MarkObjects: 2.501900 ms  DeleteObjects: 0.089000 ms)

========================================================================
Received Import Request.
  Time since last request: 11.406045 seconds.
  path: Assets/Scripts/Boss.cs
  artifactKey: Guid(28f10bf817ce62441b59f0a2ce6d96ff) Importer(815301076,1909f56bfc062723c751e8b465ee728b)
Start importing Assets/Scripts/Boss.cs using Guid(28f10bf817ce62441b59f0a2ce6d96ff) Importer(815301076,1909f56bfc062723c751e8b465ee728b)  -> (artifact id: '5d85254bf7f69861ebc94e952bc9c8a5') in 0.029056 seconds
  Import took 0.034175 seconds .

========================================================================
Received Import Request.
  Time since last request: 0.000718 seconds.
  path: Assets/Scripts/Boss.cs
  artifactKey: Guid(28f10bf817ce62441b59f0a2ce6d96ff) Importer(815301076,1909f56bfc062723c751e8b465ee728b)
Start importing Assets/Scripts/Boss.cs using Guid(28f10bf817ce62441b59f0a2ce6d96ff) Importer(815301076,1909f56bfc062723c751e8b465ee728b)  -> (artifact id: '5d85254bf7f69861ebc94e952bc9c8a5') in 0.003939 seconds
  Import took 0.008543 seconds .

========================================================================
Received Import Request.
  Time since last request: 286.643898 seconds.
  path: Assets/Textures/Barrier.mat
  artifactKey: Guid(e228ff21934b409489202985b5927f39) Importer(815301076,1909f56bfc062723c751e8b465ee728b)
Start importing Assets/Textures/Barrier.mat using Guid(e228ff21934b409489202985b5927f39) Importer(815301076,1909f56bfc062723c751e8b465ee728b)  -> (artifact id: 'e9bd12d9d1fb3cc41eb82f75044cfdb1') in 0.138702 seconds
  Import took 0.143505 seconds .

========================================================================
Received Import Request.
  Time since last request: 147.987798 seconds.
  path: Assets/Textures/Barrier.png
  artifactKey: Guid(8025231b02917774bbb88dc3c655e4de) Importer(815301076,1909f56bfc062723c751e8b465ee728b)
Start importing Assets/Textures/Barrier.png using Guid(8025231b02917774bbb88dc3c655e4de) Importer(815301076,1909f56bfc062723c751e8b465ee728b)  -> (artifact id: '8e59ba4b3794e08161f8c7f5cb2d333c') in 0.021223 seconds
  Import took 0.026049 seconds .

========================================================================
Received Import Request.
  Time since last request: 183.531525 seconds.
  path: Assets/Textures/BarrierEmission.png
  artifactKey: Guid(98164f30a0bfcc54db4926d5dde3fa76) Importer(815301076,1909f56bfc062723c751e8b465ee728b)
Start importing Assets/Textures/BarrierEmission.png using Guid(98164f30a0bfcc54db4926d5dde3fa76) Importer(815301076,1909f56bfc062723c751e8b465ee728b)  -> (artifact id: '0038dba74a273c314469e2988f7161bd') in 0.035613 seconds
  Import took 0.040906 seconds .

========================================================================
Received Prepare
Registering precompiled user dll's ...
Registered in 0.005202 seconds.
Begin MonoManager ReloadAssembly
Native extension for WindowsStandalone target not found
Refreshing native plugins compatible for Editor in 0.69 ms, found 2 plugins.
Preloading 0 native plugins for Editor in 0.00 ms.
Mono: successfully reloaded assembly
- Completed reload, in  1.072 seconds
Platform modules already initialized, skipping
Shader 'Universal Render Pipeline/Particles/Lit': fallback shader 'Universal Render Pipeline/Particles/SimpleLit' not found
Refreshing native plugins compatible for Editor in 0.66 ms, found 2 plugins.
Preloading 0 native plugins for Editor in 0.00 ms.
Unloading 2902 Unused Serialized files (Serialized files now loaded: 0)
System memory in use before: 150.7 MB.
System memory in use after: 150.9 MB.

Unloading 16 unused Assets to reduce memory usage. Loaded Objects now: 3777.
Total: 3.086000 ms (FindLiveObjects: 0.510200 ms CreateObjectMapping: 0.171800 ms MarkObjects: 2.328900 ms  DeleteObjects: 0.073000 ms)

========================================================================
Received Import Request.
  Time since last request: 73.485029 seconds.
  path: Assets/Textures/Barrier.mat
  artifactKey: Guid(e228ff21934b409489202985b5927f39) Importer(815301076,1909f56bfc062723c751e8b465ee728b)
Start importing Assets/Textures/Barrier.mat using Guid(e228ff21934b409489202985b5927f39) Importer(815301076,1909f56bfc062723c751e8b465ee728b)  -> (artifact id: '28f2775789942ab7146c54a3ffb81945') in 0.152520 seconds
  Import took 0.165708 seconds .

========================================================================
Received Import Request.
  Time since last request: 9.148065 seconds.
  path: Assets/Textures/Barrier.mat
  artifactKey: Guid(e228ff21934b409489202985b5927f39) Importer(815301076,1909f56bfc062723c751e8b465ee728b)
Start importing Assets/Textures/Barrier.mat using Guid(e228ff21934b409489202985b5927f39) Importer(815301076,1909f56bfc062723c751e8b465ee728b)  -> (artifact id: '683148072f964457d1dfba2fee9d55a9') in 0.015276 seconds
  Import took 0.020326 seconds .

========================================================================
Received Prepare
Registering precompiled user dll's ...
Registered in 0.005100 seconds.
Begin MonoManager ReloadAssembly
Native extension for WindowsStandalone target not found
Refreshing native plugins compatible for Editor in 0.72 ms, found 2 plugins.
Preloading 0 native plugins for Editor in 0.00 ms.
Mono: successfully reloaded assembly
- Completed reload, in  1.125 seconds
Platform modules already initialized, skipping
Shader 'Universal Render Pipeline/Particles/Lit': fallback shader 'Universal Render Pipeline/Particles/SimpleLit' not found
Refreshing native plugins compatible for Editor in 0.67 ms, found 2 plugins.
Preloading 0 native plugins for Editor in 0.00 ms.
Unloading 2902 Unused Serialized files (Serialized files now loaded: 0)
System memory in use before: 150.9 MB.
System memory in use after: 151.1 MB.

Unloading 16 unused Assets to reduce memory usage. Loaded Objects now: 3816.
Total: 3.472700 ms (FindLiveObjects: 0.412400 ms CreateObjectMapping: 0.075500 ms MarkObjects: 2.907800 ms  DeleteObjects: 0.074800 ms)

========================================================================
Received Prepare
Registering precompiled user dll's ...
Registered in 0.005196 seconds.
Begin MonoManager ReloadAssembly
Native extension for WindowsStandalone target not found
Refreshing native plugins compatible for Editor in 0.67 ms, found 2 plugins.
Preloading 0 native plugins for Editor in 0.00 ms.
Mono: successfully reloaded assembly
- Completed reload, in  1.048 seconds
Platform modules already initialized, skipping
Shader 'Universal Render Pipeline/Particles/Lit': fallback shader 'Universal Render Pipeline/Particles/SimpleLit' not found
Refreshing native plugins compatible for Editor in 0.67 ms, found 2 plugins.
Preloading 0 native plugins for Editor in 0.00 ms.
Unloading 2902 Unused Serialized files (Serialized files now loaded: 0)
System memory in use before: 150.9 MB.
System memory in use after: 151.1 MB.

Unloading 16 unused Assets to reduce memory usage. Loaded Objects now: 3819.
Total: 2.838700 ms (FindLiveObjects: 0.344900 ms CreateObjectMapping: 0.075500 ms MarkObjects: 2.335000 ms  DeleteObjects: 0.082300 ms)

========================================================================
Received Prepare
Registering precompiled user dll's ...
Registered in 0.005053 seconds.
Begin MonoManager ReloadAssembly
Native extension for WindowsStandalone target not found
Refreshing native plugins compatible for Editor in 0.68 ms, found 2 plugins.
Preloading 0 native plugins for Editor in 0.00 ms.
Mono: successfully reloaded assembly
- Completed reload, in  1.041 seconds
Platform modules already initialized, skipping
Shader 'Universal Render Pipeline/Particles/Lit': fallback shader 'Universal Render Pipeline/Particles/SimpleLit' not found
Refreshing native plugins compatible for Editor in 0.64 ms, found 2 plugins.
Preloading 0 native plugins for Editor in 0.00 ms.
Unloading 2902 Unused Serialized files (Serialized files now loaded: 0)
System memory in use before: 150.9 MB.
System memory in use after: 151.1 MB.

Unloading 16 unused Assets to reduce memory usage. Loaded Objects now: 3822.
Total: 2.920200 ms (FindLiveObjects: 0.391800 ms CreateObjectMapping: 0.078100 ms MarkObjects: 2.379000 ms  DeleteObjects: 0.070400 ms)

========================================================================
Received Prepare
Registering precompiled user dll's ...
Registered in 0.005115 seconds.
Begin MonoManager ReloadAssembly
Native extension for WindowsStandalone target not found
Refreshing native plugins compatible for Editor in 0.68 ms, found 2 plugins.
Preloading 0 native plugins for Editor in 0.00 ms.
Mono: successfully reloaded assembly
- Completed reload, in  1.026 seconds
Platform modules already initialized, skipping
Shader 'Universal Render Pipeline/Particles/Lit': fallback shader 'Universal Render Pipeline/Particles/SimpleLit' not found
Refreshing native plugins compatible for Editor in 0.64 ms, found 2 plugins.
Preloading 0 native plugins for Editor in 0.00 ms.
Unloading 2902 Unused Serialized files (Serialized files now loaded: 0)
System memory in use before: 150.9 MB.
System memory in use after: 151.1 MB.

Unloading 16 unused Assets to reduce memory usage. Loaded Objects now: 3825.
Total: 2.987700 ms (FindLiveObjects: 0.390400 ms CreateObjectMapping: 0.083700 ms MarkObjects: 2.442600 ms  DeleteObjects: 0.069700 ms)

========================================================================
Received Prepare
Registering precompiled user dll's ...
Registered in 0.005030 seconds.
Begin MonoManager ReloadAssembly
Native extension for WindowsStandalone target not found
Refreshing native plugins compatible for Editor in 0.65 ms, found 2 plugins.
Preloading 0 native plugins for Editor in 0.00 ms.
Mono: successfully reloaded assembly
- Completed reload, in  1.061 seconds
Platform modules already initialized, skipping
Shader 'Universal Render Pipeline/Particles/Lit': fallback shader 'Universal Render Pipeline/Particles/SimpleLit' not found
Refreshing native plugins compatible for Editor in 0.64 ms, found 2 plugins.
Preloading 0 native plugins for Editor in 0.00 ms.
Unloading 2902 Unused Serialized files (Serialized files now loaded: 0)
System memory in use before: 150.9 MB.
System memory in use after: 151.1 MB.

Unloading 16 unused Assets to reduce memory usage. Loaded Objects now: 3828.
Total: 2.831900 ms (FindLiveObjects: 0.375400 ms CreateObjectMapping: 0.076800 ms MarkObjects: 2.310200 ms  DeleteObjects: 0.068400 ms)

========================================================================
Received Prepare
Registering precompiled user dll's ...
Registered in 0.005001 seconds.
Begin MonoManager ReloadAssembly
Native extension for WindowsStandalone target not found
Refreshing native plugins compatible for Editor in 0.66 ms, found 2 plugins.
Preloading 0 native plugins for Editor in 0.00 ms.
Mono: successfully reloaded assembly
- Completed reload, in  1.029 seconds
Platform modules already initialized, skipping
Shader 'Universal Render Pipeline/Particles/Lit': fallback shader 'Universal Render Pipeline/Particles/SimpleLit' not found
Refreshing native plugins compatible for Editor in 0.66 ms, found 2 plugins.
Preloading 0 native plugins for Editor in 0.00 ms.
Unloading 2902 Unused Serialized files (Serialized files now loaded: 0)
System memory in use before: 150.9 MB.
System memory in use after: 151.1 MB.

Unloading 16 unused Assets to reduce memory usage. Loaded Objects now: 3831.
Total: 2.915700 ms (FindLiveObjects: 0.429000 ms CreateObjectMapping: 0.070500 ms MarkObjects: 2.344500 ms  DeleteObjects: 0.070500 ms)

========================================================================
Received Prepare
Registering precompiled user dll's ...
Registered in 0.005035 seconds.
Begin MonoManager ReloadAssembly
Native extension for WindowsStandalone target not found
Refreshing native plugins compatible for Editor in 0.64 ms, found 2 plugins.
Preloading 0 native plugins for Editor in 0.00 ms.
Mono: successfully reloaded assembly
- Completed reload, in  1.050 seconds
Platform modules already initialized, skipping
Shader 'Universal Render Pipeline/Particles/Lit': fallback shader 'Universal Render Pipeline/Particles/SimpleLit' not found
Refreshing native plugins compatible for Editor in 0.68 ms, found 2 plugins.
Preloading 0 native plugins for Editor in 0.00 ms.
Unloading 2902 Unused Serialized files (Serialized files now loaded: 0)
System memory in use before: 150.9 MB.
System memory in use after: 151.1 MB.

Unloading 16 unused Assets to reduce memory usage. Loaded Objects now: 3834.
Total: 2.879800 ms (FindLiveObjects: 0.371600 ms CreateObjectMapping: 0.071000 ms MarkObjects: 2.366400 ms  DeleteObjects: 0.069700 ms)

========================================================================
Received Prepare
Registering precompiled user dll's ...
Registered in 0.004888 seconds.
Begin MonoManager ReloadAssembly
Native extension for WindowsStandalone target not found
Refreshing native plugins compatible for Editor in 0.67 ms, found 2 plugins.
Preloading 0 native plugins for Editor in 0.00 ms.
Mono: successfully reloaded assembly
- Completed reload, in  1.002 seconds
Platform modules already initialized, skipping
Shader 'Universal Render Pipeline/Particles/Lit': fallback shader 'Universal Render Pipeline/Particles/SimpleLit' not found
Refreshing native plugins compatible for Editor in 0.64 ms, found 2 plugins.
Preloading 0 native plugins for Editor in 0.00 ms.
Unloading 2902 Unused Serialized files (Serialized files now loaded: 0)
System memory in use before: 150.9 MB.
System memory in use after: 151.1 MB.

Unloading 16 unused Assets to reduce memory usage. Loaded Objects now: 3837.
Total: 2.890300 ms (FindLiveObjects: 0.364600 ms CreateObjectMapping: 0.070600 ms MarkObjects: 2.384500 ms  DeleteObjects: 0.069500 ms)

========================================================================
Received Prepare
Registering precompiled user dll's ...
Registered in 0.005126 seconds.
Begin MonoManager ReloadAssembly
Native extension for WindowsStandalone target not found
Refreshing native plugins compatible for Editor in 0.64 ms, found 2 plugins.
Preloading 0 native plugins for Editor in 0.00 ms.
Mono: successfully reloaded assembly
- Completed reload, in  1.019 seconds
Platform modules already initialized, skipping
Shader 'Universal Render Pipeline/Particles/Lit': fallback shader 'Universal Render Pipeline/Particles/SimpleLit' not found
Refreshing native plugins compatible for Editor in 0.76 ms, found 2 plugins.
Preloading 0 native plugins for Editor in 0.00 ms.
Unloading 2902 Unused Serialized files (Serialized files now loaded: 0)
System memory in use before: 150.9 MB.
System memory in use after: 151.1 MB.

Unloading 16 unused Assets to reduce memory usage. Loaded Objects now: 3840.
Total: 3.075400 ms (FindLiveObjects: 0.467100 ms CreateObjectMapping: 0.082200 ms MarkObjects: 2.444700 ms  DeleteObjects: 0.080200 ms)

========================================================================
Received Prepare
Registering precompiled user dll's ...
Registered in 0.004948 seconds.
Begin MonoManager ReloadAssembly
Native extension for WindowsStandalone target not found
Refreshing native plugins compatible for Editor in 0.65 ms, found 2 plugins.
Preloading 0 native plugins for Editor in 0.00 ms.
Mono: successfully reloaded assembly
- Completed reload, in  1.023 seconds
Platform modules already initialized, skipping
Shader 'Universal Render Pipeline/Particles/Lit': fallback shader 'Universal Render Pipeline/Particles/SimpleLit' not found
Refreshing native plugins compatible for Editor in 0.65 ms, found 2 plugins.
Preloading 0 native plugins for Editor in 0.00 ms.
Unloading 2902 Unused Serialized files (Serialized files now loaded: 0)
System memory in use before: 150.9 MB.
System memory in use after: 151.1 MB.

Unloading 16 unused Assets to reduce memory usage. Loaded Objects now: 3843.
Total: 2.802900 ms (FindLiveObjects: 0.369100 ms CreateObjectMapping: 0.075600 ms MarkObjects: 2.289100 ms  DeleteObjects: 0.068000 ms)

========================================================================
Received Prepare
Registering precompiled user dll's ...
Registered in 0.005169 seconds.
Begin MonoManager ReloadAssembly
Native extension for WindowsStandalone target not found
Refreshing native plugins compatible for Editor in 0.66 ms, found 2 plugins.
Preloading 0 native plugins for Editor in 0.00 ms.
Mono: successfully reloaded assembly
- Completed reload, in  1.014 seconds
Platform modules already initialized, skipping
Shader 'Universal Render Pipeline/Particles/Lit': fallback shader 'Universal Render Pipeline/Particles/SimpleLit' not found
Refreshing native plugins compatible for Editor in 0.63 ms, found 2 plugins.
Preloading 0 native plugins for Editor in 0.00 ms.
Unloading 2902 Unused Serialized files (Serialized files now loaded: 0)
System memory in use before: 150.9 MB.
System memory in use after: 151.1 MB.

Unloading 16 unused Assets to reduce memory usage. Loaded Objects now: 3846.
Total: 3.368000 ms (FindLiveObjects: 0.444300 ms CreateObjectMapping: 0.076200 ms MarkObjects: 2.767700 ms  DeleteObjects: 0.077900 ms)

========================================================================
Received Prepare
Registering precompiled user dll's ...
Registered in 0.005015 seconds.
Begin MonoManager ReloadAssembly
Native extension for WindowsStandalone target not found
Refreshing native plugins compatible for Editor in 0.66 ms, found 2 plugins.
Preloading 0 native plugins for Editor in 0.00 ms.
Mono: successfully reloaded assembly
- Completed reload, in  1.032 seconds
Platform modules already initialized, skipping
Shader 'Universal Render Pipeline/Particles/Lit': fallback shader 'Universal Render Pipeline/Particles/SimpleLit' not found
Refreshing native plugins compatible for Editor in 0.70 ms, found 2 plugins.
Preloading 0 native plugins for Editor in 0.00 ms.
Unloading 2902 Unused Serialized files (Serialized files now loaded: 0)
System memory in use before: 150.9 MB.
System memory in use after: 151.1 MB.

Unloading 16 unused Assets to reduce memory usage. Loaded Objects now: 3849.
Total: 3.751900 ms (FindLiveObjects: 0.459300 ms CreateObjectMapping: 0.078100 ms MarkObjects: 3.122600 ms  DeleteObjects: 0.089800 ms)

========================================================================
Received Prepare
Registering precompiled user dll's ...
Registered in 0.004894 seconds.
Begin MonoManager ReloadAssembly
Native extension for WindowsStandalone target not found
Refreshing native plugins compatible for Editor in 0.66 ms, found 2 plugins.
Preloading 0 native plugins for Editor in 0.00 ms.
Mono: successfully reloaded assembly
- Completed reload, in  1.051 seconds
Platform modules already initialized, skipping
Shader 'Universal Render Pipeline/Particles/Lit': fallback shader 'Universal Render Pipeline/Particles/SimpleLit' not found
Refreshing native plugins compatible for Editor in 0.73 ms, found 2 plugins.
Preloading 0 native plugins for Editor in 0.00 ms.
Unloading 2902 Unused Serialized files (Serialized files now loaded: 0)
System memory in use before: 150.9 MB.
System memory in use after: 151.2 MB.

Unloading 16 unused Assets to reduce memory usage. Loaded Objects now: 3852.
Total: 2.981100 ms (FindLiveObjects: 0.381200 ms CreateObjectMapping: 0.070000 ms MarkObjects: 2.451300 ms  DeleteObjects: 0.077400 ms)

========================================================================
Received Prepare
Registering precompiled user dll's ...
Registered in 0.005055 seconds.
Begin MonoManager ReloadAssembly
Native extension for WindowsStandalone target not found
Refreshing native plugins compatible for Editor in 0.65 ms, found 2 plugins.
Preloading 0 native plugins for Editor in 0.00 ms.
Mono: successfully reloaded assembly
- Completed reload, in  1.032 seconds
Platform modules already initialized, skipping
Shader 'Universal Render Pipeline/Particles/Lit': fallback shader 'Universal Render Pipeline/Particles/SimpleLit' not found
Refreshing native plugins compatible for Editor in 0.65 ms, found 2 plugins.
Preloading 0 native plugins for Editor in 0.00 ms.
Unloading 2902 Unused Serialized files (Serialized files now loaded: 0)
System memory in use before: 151.0 MB.
System memory in use after: 151.2 MB.

Unloading 16 unused Assets to reduce memory usage. Loaded Objects now: 3855.
Total: 3.184000 ms (FindLiveObjects: 0.429700 ms CreateObjectMapping: 0.076400 ms MarkObjects: 2.599200 ms  DeleteObjects: 0.077200 ms)

========================================================================
Received Prepare
Registering precompiled user dll's ...
Registered in 0.005217 seconds.
Begin MonoManager ReloadAssembly
Native extension for WindowsStandalone target not found
Refreshing native plugins compatible for Editor in 0.71 ms, found 2 plugins.
Preloading 0 native plugins for Editor in 0.00 ms.
Mono: successfully reloaded assembly
- Completed reload, in  1.041 seconds
Platform modules already initialized, skipping
Shader 'Universal Render Pipeline/Particles/Lit': fallback shader 'Universal Render Pipeline/Particles/SimpleLit' not found
Refreshing native plugins compatible for Editor in 0.63 ms, found 2 plugins.
Preloading 0 native plugins for Editor in 0.00 ms.
Unloading 2902 Unused Serialized files (Serialized files now loaded: 0)
System memory in use before: 151.0 MB.
System memory in use after: 151.2 MB.

Unloading 16 unused Assets to reduce memory usage. Loaded Objects now: 3858.
Total: 2.995700 ms (FindLiveObjects: 0.386100 ms CreateObjectMapping: 0.069900 ms MarkObjects: 2.465500 ms  DeleteObjects: 0.073000 ms)

========================================================================
Received Prepare
Registering precompiled user dll's ...
Registered in 0.004921 seconds.
Begin MonoManager ReloadAssembly
Native extension for WindowsStandalone target not found
Refreshing native plugins compatible for Editor in 0.66 ms, found 2 plugins.
Preloading 0 native plugins for Editor in 0.00 ms.
Mono: successfully reloaded assembly
- Completed reload, in  1.018 seconds
Platform modules already initialized, skipping
Shader 'Universal Render Pipeline/Particles/Lit': fallback shader 'Universal Render Pipeline/Particles/SimpleLit' not found
Refreshing native plugins compatible for Editor in 0.70 ms, found 2 plugins.
Preloading 0 native plugins for Editor in 0.00 ms.
Unloading 2902 Unused Serialized files (Serialized files now loaded: 0)
System memory in use before: 151.0 MB.
System memory in use after: 151.2 MB.

Unloading 16 unused Assets to reduce memory usage. Loaded Objects now: 3861.
Total: 3.075200 ms (FindLiveObjects: 0.395700 ms CreateObjectMapping: 0.083700 ms MarkObjects: 2.519500 ms  DeleteObjects: 0.075000 ms)

AssetImportWorkerClient::OnTransportError - code=2 error=End of file
