Using pre-set license
Built from '2020.3/staging' branch; Version is '2020.3.11f1 (99c7afb366b3) revision 10078127'; Using compiler version '192528614'; Build Type 'Release'
OS: 'Windows 10 Home; OS build 19044.1586; Version 2009; 64bit' Language: 'en' Physical Memory: 32682 MB
BatchMode: 1, IsHumanControllingUs: 0, StartBugReporterOnCrash: 0, Is64bit: 1, IsPro: 0

 COMMAND LINE ARGUMENTS:
C:\Program Files\Unity\Hub\Editor\2020.3.11f1\Editor\Unity.exe
-adb2
-batchMode
-noUpm
-name
AssetImportWorker0
-projectPath
C:/Users/Winston/Desktop/Unity Games/SpringGameJam2022
-logFile
Logs/AssetImportWorker0.log
-srvPort
50909
Successfully changed project path to: C:/Users/Winston/Desktop/Unity Games/SpringGameJam2022
C:/Users/Winston/Desktop/Unity Games/SpringGameJam2022
Using Asset Import Pipeline V2.
Refreshing native plugins compatible for Editor in 46.19 ms, found 2 plugins.
Preloading 0 native plugins for Editor in 0.00 ms.
Initialize engine version: 2020.3.11f1 (99c7afb366b3)
[Subsystems] Discovering subsystems at path C:/Program Files/Unity/Hub/Editor/2020.3.11f1/Editor/Data/Resources/UnitySubsystems
[Subsystems] Discovering subsystems at path C:/Users/Winston/Desktop/Unity Games/SpringGameJam2022/Assets
GfxDevice: creating device client; threaded=0
Direct3D:
    Version:  Direct3D 11.0 [level 11.1]
    Renderer: AMD Radeon RX 6700 XT (ID=0x73df)
    Vendor:   
    VRAM:     12243 MB
    Driver:   30.0.14011.2006
Shader 'Universal Render Pipeline/Particles/Lit': fallback shader 'Universal Render Pipeline/Particles/SimpleLit' not found
Initialize mono
Mono path[0] = 'C:/Program Files/Unity/Hub/Editor/2020.3.11f1/Editor/Data/Managed'
Mono path[1] = 'C:/Program Files/Unity/Hub/Editor/2020.3.11f1/Editor/Data/MonoBleedingEdge/lib/mono/unityjit'
Mono config path = 'C:/Program Files/Unity/Hub/Editor/2020.3.11f1/Editor/Data/MonoBleedingEdge/etc'
Using monoOptions --debugger-agent=transport=dt_socket,embedding=1,server=y,suspend=n,address=127.0.0.1:56580
Begin MonoManager ReloadAssembly
Registering precompiled unity dll's ...
Register platform support module: C:/Program Files/Unity/Hub/Editor/2020.3.11f1/Editor/Data/PlaybackEngines/WebGLSupport/UnityEditor.WebGL.Extensions.dll
Register platform support module: C:/Program Files/Unity/Hub/Editor/2020.3.11f1/Editor/Data/PlaybackEngines/WindowsStandaloneSupport/UnityEditor.WindowsStandalone.Extensions.dll
Registered in 0.002407 seconds.
Native extension for WindowsStandalone target not found
Native extension for WebGL target not found
Refreshing native plugins compatible for Editor in 45.99 ms, found 2 plugins.
Preloading 0 native plugins for Editor in 0.00 ms.
Mono: successfully reloaded assembly
- Completed reload, in  1.064 seconds
Platform modules already initialized, skipping
Registering precompiled user dll's ...
Registered in 0.005169 seconds.
Begin MonoManager ReloadAssembly
Native extension for WindowsStandalone target not found
Native extension for WebGL target not found
Refreshing native plugins compatible for Editor in 49.00 ms, found 2 plugins.
Preloading 0 native plugins for Editor in 0.00 ms.
Mono: successfully reloaded assembly
- Completed reload, in  1.410 seconds
Platform modules already initialized, skipping
========================================================================
Worker process is ready to serve import requests
Shader 'Universal Render Pipeline/Particles/Lit': fallback shader 'Universal Render Pipeline/Particles/SimpleLit' not found
Launched and connected shader compiler UnityShaderCompiler.exe after 0.04 seconds
Refreshing native plugins compatible for Editor in 0.64 ms, found 2 plugins.
Preloading 0 native plugins for Editor in 0.00 ms.
Unloading 3034 Unused Serialized files (Serialized files now loaded: 0)
System memory in use before: 138.7 MB.
System memory in use after: 138.9 MB.

Unloading 21 unused Assets to reduce memory usage. Loaded Objects now: 3466.
Total: 2.774800 ms (FindLiveObjects: 0.313200 ms CreateObjectMapping: 0.066600 ms MarkObjects: 2.296200 ms  DeleteObjects: 0.097700 ms)

========================================================================
Received Import Request.
  path: Assets/Meshes/Level_1_Rooms.fbx
  artifactKey: Guid(74a446d4340a0714793f5e6e80c53d01) Importer(815301076,1909f56bfc062723c751e8b465ee728b)
Start importing Assets/Meshes/Level_1_Rooms.fbx using Guid(74a446d4340a0714793f5e6e80c53d01) Importer(815301076,1909f56bfc062723c751e8b465ee728b)  -> (artifact id: 'fe65a2956aae170b65e9fa46833d81f7') in 0.233994 seconds
  Import took 0.238703 seconds .

========================================================================
Received Prepare
Registering precompiled user dll's ...
Registered in 0.004855 seconds.
Begin MonoManager ReloadAssembly
Native extension for WindowsStandalone target not found
Native extension for WebGL target not found
Refreshing native plugins compatible for Editor in 0.67 ms, found 2 plugins.
Preloading 0 native plugins for Editor in 0.00 ms.
Mono: successfully reloaded assembly
- Completed reload, in  1.003 seconds
Platform modules already initialized, skipping
Shader 'Universal Render Pipeline/Particles/Lit': fallback shader 'Universal Render Pipeline/Particles/SimpleLit' not found
Refreshing native plugins compatible for Editor in 0.65 ms, found 2 plugins.
Preloading 0 native plugins for Editor in 0.00 ms.
Unloading 2897 Unused Serialized files (Serialized files now loaded: 0)
System memory in use before: 134.5 MB.
System memory in use after: 134.7 MB.

Unloading 16 unused Assets to reduce memory usage. Loaded Objects now: 3517.
Total: 2.854400 ms (FindLiveObjects: 0.293400 ms CreateObjectMapping: 0.066500 ms MarkObjects: 2.403800 ms  DeleteObjects: 0.089500 ms)

========================================================================
Received Import Request.
  Time since last request: 551.720385 seconds.
  path: Assets/Meshes/Level_1_Rooms.fbx
  artifactKey: Guid(74a446d4340a0714793f5e6e80c53d01) Importer(815301076,1909f56bfc062723c751e8b465ee728b)
Start importing Assets/Meshes/Level_1_Rooms.fbx using Guid(74a446d4340a0714793f5e6e80c53d01) Importer(815301076,1909f56bfc062723c751e8b465ee728b)  -> (artifact id: 'a31fef1028ee2ad25ae4265245bcb176') in 0.155396 seconds
  Import took 0.160970 seconds .

========================================================================
Received Prepare
Registering precompiled user dll's ...
Registered in 0.004720 seconds.
Begin MonoManager ReloadAssembly
Native extension for WindowsStandalone target not found
Native extension for WebGL target not found
Refreshing native plugins compatible for Editor in 0.72 ms, found 2 plugins.
Preloading 0 native plugins for Editor in 0.00 ms.
Mono: successfully reloaded assembly
- Completed reload, in  1.163 seconds
Platform modules already initialized, skipping
Shader 'Universal Render Pipeline/Particles/Lit': fallback shader 'Universal Render Pipeline/Particles/SimpleLit' not found
Refreshing native plugins compatible for Editor in 0.64 ms, found 2 plugins.
Preloading 0 native plugins for Editor in 0.00 ms.
Unloading 2897 Unused Serialized files (Serialized files now loaded: 0)
System memory in use before: 134.6 MB.
System memory in use after: 134.8 MB.

Unloading 16 unused Assets to reduce memory usage. Loaded Objects now: 3556.
Total: 3.000300 ms (FindLiveObjects: 0.296500 ms CreateObjectMapping: 0.067300 ms MarkObjects: 2.560000 ms  DeleteObjects: 0.075600 ms)

========================================================================
Received Prepare
Registering precompiled user dll's ...
Registered in 0.005268 seconds.
Begin MonoManager ReloadAssembly
Native extension for WindowsStandalone target not found
Native extension for WebGL target not found
Refreshing native plugins compatible for Editor in 0.62 ms, found 2 plugins.
Preloading 0 native plugins for Editor in 0.00 ms.
Mono: successfully reloaded assembly
- Completed reload, in  0.986 seconds
Platform modules already initialized, skipping
Shader 'Universal Render Pipeline/Particles/Lit': fallback shader 'Universal Render Pipeline/Particles/SimpleLit' not found
Refreshing native plugins compatible for Editor in 0.63 ms, found 2 plugins.
Preloading 0 native plugins for Editor in 0.00 ms.
Unloading 2897 Unused Serialized files (Serialized files now loaded: 0)
System memory in use before: 134.7 MB.
System memory in use after: 134.9 MB.

Unloading 16 unused Assets to reduce memory usage. Loaded Objects now: 3559.
Total: 2.862000 ms (FindLiveObjects: 0.308800 ms CreateObjectMapping: 0.068200 ms MarkObjects: 2.409100 ms  DeleteObjects: 0.074800 ms)

========================================================================
Received Import Request.
  Time since last request: 287.975698 seconds.
  path: Assets/Scenes/1stLevel.lighting
  artifactKey: Guid(a07a423ebf774d04d86ff46d2be81714) Importer(815301076,1909f56bfc062723c751e8b465ee728b)
Start importing Assets/Scenes/1stLevel.lighting using Guid(a07a423ebf774d04d86ff46d2be81714) Importer(815301076,1909f56bfc062723c751e8b465ee728b) LightingSettings: switching bake backend from 1 to 2.
 -> (artifact id: '2a1cddce017ba3e82523565a5aa3005b') in 0.042297 seconds
  Import took 0.047602 seconds .

========================================================================
Received Prepare
Registering precompiled user dll's ...
Registered in 0.007647 seconds.
Begin MonoManager ReloadAssembly
Native extension for WindowsStandalone target not found
Native extension for WebGL target not found
Refreshing native plugins compatible for Editor in 1.51 ms, found 2 plugins.
Preloading 0 native plugins for Editor in 0.00 ms.
Mono: successfully reloaded assembly
- Completed reload, in  1.584 seconds
Platform modules already initialized, skipping
Shader 'Universal Render Pipeline/Particles/Lit': fallback shader 'Universal Render Pipeline/Particles/SimpleLit' not found
Refreshing native plugins compatible for Editor in 1.32 ms, found 2 plugins.
Preloading 0 native plugins for Editor in 0.00 ms.
Unloading 2897 Unused Serialized files (Serialized files now loaded: 0)
System memory in use before: 134.7 MB.
System memory in use after: 134.9 MB.

Unloading 16 unused Assets to reduce memory usage. Loaded Objects now: 3562.
Total: 5.264000 ms (FindLiveObjects: 0.690200 ms CreateObjectMapping: 0.123900 ms MarkObjects: 4.326000 ms  DeleteObjects: 0.122400 ms)

========================================================================
Received Prepare
Registering precompiled user dll's ...
Registered in 0.004883 seconds.
Begin MonoManager ReloadAssembly
Native extension for WindowsStandalone target not found
Native extension for WebGL target not found
Refreshing native plugins compatible for Editor in 0.68 ms, found 2 plugins.
Preloading 0 native plugins for Editor in 0.00 ms.
Mono: successfully reloaded assembly
- Completed reload, in  0.999 seconds
Platform modules already initialized, skipping
Shader 'Universal Render Pipeline/Particles/Lit': fallback shader 'Universal Render Pipeline/Particles/SimpleLit' not found
Refreshing native plugins compatible for Editor in 0.63 ms, found 2 plugins.
Preloading 0 native plugins for Editor in 0.00 ms.
Unloading 2897 Unused Serialized files (Serialized files now loaded: 0)
System memory in use before: 134.7 MB.
System memory in use after: 134.9 MB.

Unloading 16 unused Assets to reduce memory usage. Loaded Objects now: 3565.
Total: 2.928900 ms (FindLiveObjects: 0.301500 ms CreateObjectMapping: 0.067400 ms MarkObjects: 2.486000 ms  DeleteObjects: 0.073200 ms)

========================================================================
Received Import Request.
  Time since last request: 480.126521 seconds.
  path: Assets/Textures/UniversalRenderPipelineAsset.asset
  artifactKey: Guid(7e65eb0136efdcf4cbb22751c6cb75c2) Importer(815301076,1909f56bfc062723c751e8b465ee728b)
Start importing Assets/Textures/UniversalRenderPipelineAsset.asset using Guid(7e65eb0136efdcf4cbb22751c6cb75c2) Importer(815301076,1909f56bfc062723c751e8b465ee728b)  -> (artifact id: '6e8c4243817c867753a57f6ef36e2d7b') in 0.039173 seconds
  Import took 0.043636 seconds .

========================================================================
Received Import Request.
  Time since last request: 1.415136 seconds.
  path: Assets/Textures/UniversalRenderPipelineAsset.asset
  artifactKey: Guid(7e65eb0136efdcf4cbb22751c6cb75c2) Importer(815301076,1909f56bfc062723c751e8b465ee728b)
Start importing Assets/Textures/UniversalRenderPipelineAsset.asset using Guid(7e65eb0136efdcf4cbb22751c6cb75c2) Importer(815301076,1909f56bfc062723c751e8b465ee728b)  -> (artifact id: '6e8c4243817c867753a57f6ef36e2d7b') in 0.004208 seconds
  Import took 0.008732 seconds .

========================================================================
Received Prepare
Registering precompiled user dll's ...
Registered in 0.004807 seconds.
Begin MonoManager ReloadAssembly
Native extension for WindowsStandalone target not found
Native extension for WebGL target not found
Refreshing native plugins compatible for Editor in 0.70 ms, found 2 plugins.
Preloading 0 native plugins for Editor in 0.00 ms.
Mono: successfully reloaded assembly
- Completed reload, in  1.052 seconds
Platform modules already initialized, skipping
Shader 'Universal Render Pipeline/Particles/Lit': fallback shader 'Universal Render Pipeline/Particles/SimpleLit' not found
Refreshing native plugins compatible for Editor in 0.65 ms, found 2 plugins.
Preloading 0 native plugins for Editor in 0.00 ms.
Unloading 2898 Unused Serialized files (Serialized files now loaded: 0)
System memory in use before: 134.7 MB.
System memory in use after: 134.9 MB.

Unloading 16 unused Assets to reduce memory usage. Loaded Objects now: 3569.
Total: 3.004900 ms (FindLiveObjects: 0.368500 ms CreateObjectMapping: 0.068800 ms MarkObjects: 2.494800 ms  DeleteObjects: 0.071400 ms)

========================================================================
Received Prepare
Registering precompiled user dll's ...
Registered in 0.005721 seconds.
Begin MonoManager ReloadAssembly
Native extension for WindowsStandalone target not found
Native extension for WebGL target not found
Refreshing native plugins compatible for Editor in 0.67 ms, found 2 plugins.
Preloading 0 native plugins for Editor in 0.00 ms.
Mono: successfully reloaded assembly
- Completed reload, in  1.018 seconds
Platform modules already initialized, skipping
Shader 'Universal Render Pipeline/Particles/Lit': fallback shader 'Universal Render Pipeline/Particles/SimpleLit' not found
Refreshing native plugins compatible for Editor in 0.64 ms, found 2 plugins.
Preloading 0 native plugins for Editor in 0.00 ms.
Unloading 2897 Unused Serialized files (Serialized files now loaded: 0)
System memory in use before: 134.7 MB.
System memory in use after: 134.9 MB.

Unloading 16 unused Assets to reduce memory usage. Loaded Objects now: 3572.
Total: 2.878200 ms (FindLiveObjects: 0.308300 ms CreateObjectMapping: 0.078800 ms MarkObjects: 2.409400 ms  DeleteObjects: 0.080800 ms)

========================================================================
Received Import Request.
  Time since last request: 20236.222981 seconds.
  path: Assets/Meshes/Level.fbx
  artifactKey: Guid(b15b8cb73c4942c4491c11b77109973e) Importer(815301076,1909f56bfc062723c751e8b465ee728b)
Start importing Assets/Meshes/Level.fbx using Guid(b15b8cb73c4942c4491c11b77109973e) Importer(815301076,1909f56bfc062723c751e8b465ee728b)  -> (artifact id: '7c1e164b91a371405ec40b5ba094d791') in 0.174315 seconds
  Import took 0.179305 seconds .

========================================================================
Received Import Request.
  Time since last request: 42.049963 seconds.
  path: Assets/Meshes/Level_1_Big_Objects.fbx
  artifactKey: Guid(cb238316e44bca54db44eca2c7e04e4c) Importer(815301076,1909f56bfc062723c751e8b465ee728b)
Start importing Assets/Meshes/Level_1_Big_Objects.fbx using Guid(cb238316e44bca54db44eca2c7e04e4c) Importer(815301076,1909f56bfc062723c751e8b465ee728b)  -> (artifact id: '7340485a37d6e7651c9b7eaf5e10ecf1') in 0.092533 seconds
  Import took 0.097425 seconds .

========================================================================
Received Prepare
Registering precompiled user dll's ...
Registered in 0.004884 seconds.
Begin MonoManager ReloadAssembly
Native extension for WindowsStandalone target not found
Native extension for WebGL target not found
Refreshing native plugins compatible for Editor in 0.64 ms, found 2 plugins.
Preloading 0 native plugins for Editor in 0.00 ms.
Mono: successfully reloaded assembly
- Completed reload, in  1.011 seconds
Platform modules already initialized, skipping
Shader 'Universal Render Pipeline/Particles/Lit': fallback shader 'Universal Render Pipeline/Particles/SimpleLit' not found
Refreshing native plugins compatible for Editor in 0.62 ms, found 2 plugins.
Preloading 0 native plugins for Editor in 0.00 ms.
Unloading 2897 Unused Serialized files (Serialized files now loaded: 0)
System memory in use before: 134.9 MB.
System memory in use after: 135.1 MB.

Unloading 16 unused Assets to reduce memory usage. Loaded Objects now: 3611.
Total: 3.017300 ms (FindLiveObjects: 0.348300 ms CreateObjectMapping: 0.067300 ms MarkObjects: 2.516700 ms  DeleteObjects: 0.083700 ms)

AssetImportWorkerClient::OnTransportError - code=2 error=End of file
